

> @ajiten-yakiman/client@1.0.0 build
> vite build

[1G[0K[36mvite v5.4.14 [32mbuilding for production...[36m[39m
AssertError: Expected required property
    at AssertValue (file:///home/ubuntu/repos/replit_0.1/node_modules/[4m@sinclair[24m/typebox/build/esm/value/assert/assert.mjs:44:11)
    at Assert (file:///home/ubuntu/repos/replit_0.1/node_modules/[4m@sinclair[24m/typebox/build/esm/value/assert/assert.mjs:48:32)
    at file:///home/ubuntu/repos/replit_0.1/node_modules/[4m@sinclair[24m/typebox/build/esm/value/parse/parse.mjs:13:38
    at file:///home/ubuntu/repos/replit_0.1/node_modules/[4m@sinclair[24m/typebox/build/esm/value/parse/parse.mjs:20:52
    at Array.reduce (<anonymous>)
    at ParseValue (file:///home/ubuntu/repos/replit_0.1/node_modules/[4m@sinclair[24m/typebox/build/esm/value/parse/parse.mjs:20:25)
    at Module.Parse (file:///home/ubuntu/repos/replit_0.1/node_modules/[4m@sinclair[24m/typebox/build/esm/value/parse/parse.mjs:24:72)
    at safeParseThemeJson (file:///home/ubuntu/repos/replit_0.1/node_modules/[4m@replit[24m/vite-plugin-shadcn-theme-json/dist/index.mjs:276:26)
    at Object.buildStart (file:///home/ubuntu/repos/replit_0.1/node_modules/[4m@replit[24m/vite-plugin-shadcn-theme-json/dist/index.mjs:300:29)
    at async Promise.all (index 5) {
  error: {
    type: [33m45[39m,
    schema: { type: [32m'string'[39m, [[32mSymbol(TypeBox.Kind)[39m]: [32m'String'[39m },
    path: [32m'/primary'[39m,
    value: [90mundefined[39m,
    message: [32m'Expected required property'[39m,
    errors: []
  }
}
[2K[1Gtransforming (1) [2mindex.html[22m[2K[1Gtransforming (3) [2msrc/main.tsx[22mBrowserslist: browsers data (caniuse-lite) is 7 months old. Please run:
  npx update-browserslist-db@latest
  Why you should do it regularly: https://github.com/browserslist/update-db#readme
file:///home/ubuntu/repos/replit_0.1/packages/client/tailwind.config.js:2
module.exports = {
^

ReferenceError: module is not defined
    at [90mfile:///home/ubuntu/repos/replit_0.1/packages/client/[39mtailwind.config.js:2:1
[90m    at ModuleJobSync.runSync (node:internal/modules/esm/module_job:395:35)[39m
[90m    at ModuleLoader.importSyncForRequire (node:internal/modules/esm/loader:329:47)[39m
[90m    at loadESMFromCJS (node:internal/modules/cjs/loader:1414:24)[39m
[90m    at Module._compile (node:internal/modules/cjs/loader:1547:5)[39m
[90m    at Object..js (node:internal/modules/cjs/loader:1677:16)[39m
[90m    at Module.load (node:internal/modules/cjs/loader:1318:32)[39m
[90m    at Function._load (node:internal/modules/cjs/loader:1128:12)[39m
[90m    at TracingChannel.traceSync (node:diagnostics_channel:322:14)[39m
[90m    at wrapModuleLoad (node:internal/modules/cjs/loader:219:24)[39m

Node.js v22.12.0
[1G[0K⠙[1G[0K[1mnpm[22m [31merror[39m Lifecycle script `build` failed with error:
[1G[0K⠙[1G[0K[1mnpm[22m [31merror[39m [94mcode[39m [33m1[39m
[1G[0K⠙[1G[0K[1mnpm[22m [31merror[39m [94mpath[39m /home/ubuntu/repos/replit_0.1/packages/client
[1G[0K⠙[1G[0K[1mnpm[22m [31merror[39m [94mworkspace[39m @ajiten-yakiman/client@1.0.0
[1G[0K⠙[1G[0K[1mnpm[22m [31merror[39m [94mlocation[39m /home/ubuntu/repos/replit_0.1/packages/client
[1G[0K⠙[1G[0K[1mnpm[22m [31merror[39m command failed
[1G[0K⠙[1G[0K[1mnpm[22m [31merror[39m [94mcommand[39m sh -c vite build
[1G[0K⠙[1G[0K
